Using pre-set license
Built from '2020.3/staging' branch; Version is '2020.3.19f1 (68f137dc9bbe) revision 6877495'; Using compiler version '192528614'; Build Type 'Release'
OS: 'Windows 10 Pro; OS build 19043.1237; Version 2009; 64bit' Language: 'en' Physical Memory: 3792 MB
BatchMode: 1, IsHumanControllingUs: 0, StartBugReporterOnCrash: 0, Is64bit: 1, IsPro: 0

COMMAND LINE ARGUMENTS:
C:\LANCE_DATA\Classes\UNI\Sem 9\CIS 3760\Unity Editor\2020.3.19f1\Editor\Unity.exe
-adb2
-batchMode
-noUpm
-name
AssetImportWorker0
-projectPath
C:/LANCE_DATA/Classes/UNI/Sem 9/CIS 3760/CIS-3760-F21-T23/Checkers
-logFile
Logs/AssetImportWorker0.log
-srvPort
60526
Successfully changed project path to: C:/LANCE_DATA/Classes/UNI/Sem 9/CIS 3760/CIS-3760-F21-T23/Checkers
C:/LANCE_DATA/Classes/UNI/Sem 9/CIS 3760/CIS-3760-F21-T23/Checkers
Using Asset Import Pipeline V2.
Refreshing native plugins compatible for Editor in 79.07 ms, found 3 plugins.
Preloading 0 native plugins for Editor in 0.00 ms.
Initialize engine version: 2020.3.19f1 (68f137dc9bbe)
[Subsystems] Discovering subsystems at path C:/LANCE_DATA/Classes/UNI/Sem 9/CIS 3760/Unity Editor/2020.3.19f1/Editor/Data/Resources/UnitySubsystems
[Subsystems] Discovering subsystems at path C:/LANCE_DATA/Classes/UNI/Sem 9/CIS 3760/CIS-3760-F21-T23/Checkers/Assets
GfxDevice: creating device client; threaded=0
Direct3D:
    Version:  Direct3D 11.0 [level 11.0]
    Renderer: Intel(R) HD Graphics 4000 (ID=0x166)
    Vendor:   
    VRAM:     128 MB
    Driver:   10.18.10.4252
Initialize mono
Mono path[0] = 'C:/LANCE_DATA/Classes/UNI/Sem 9/CIS 3760/Unity Editor/2020.3.19f1/Editor/Data/Managed'
Mono path[1] = 'C:/LANCE_DATA/Classes/UNI/Sem 9/CIS 3760/Unity Editor/2020.3.19f1/Editor/Data/MonoBleedingEdge/lib/mono/unityjit'
Mono config path = 'C:/LANCE_DATA/Classes/UNI/Sem 9/CIS 3760/Unity Editor/2020.3.19f1/Editor/Data/MonoBleedingEdge/etc'
Using monoOptions --debugger-agent=transport=dt_socket,embedding=1,server=y,suspend=n,address=127.0.0.1:56092
Begin MonoManager ReloadAssembly
Registering precompiled unity dll's ...
Register platform support module: C:/LANCE_DATA/Classes/UNI/Sem 9/CIS 3760/Unity Editor/2020.3.19f1/Editor/Data/PlaybackEngines/WindowsStandaloneSupport/UnityEditor.WindowsStandalone.Extensions.dll
Registered in 0.007363 seconds.
Native extension for WindowsStandalone target not found
Refreshing native plugins compatible for Editor in 115.44 ms, found 3 plugins.
Preloading 0 native plugins for Editor in 0.00 ms.
Mono: successfully reloaded assembly
- Completed reload, in  4.473 seconds
Domain Reload Profiling:
	ReloadAssembly (4473ms)
		BeginReloadAssembly (119ms)
			ExecutionOrderSort (0ms)
			DisableScriptedObjects (0ms)
			BackupInstance (0ms)
			ReleaseScriptingObjects (0ms)
			CreateAndSetChildDomain (1ms)
		EndReloadAssembly (856ms)
			LoadAssemblies (114ms)
			RebuildTransferFunctionScriptingTraits (0ms)
			SetupTypeCache (237ms)
			ReleaseScriptCaches (0ms)
			RebuildScriptCaches (104ms)
			SetupLoadedEditorAssemblies (392ms)
				LogAssemblyErrors (0ms)
				InitializePlatformSupportModulesInManaged (13ms)
				SetLoadedEditorAssemblies (0ms)
				RefreshPlugins (116ms)
				BeforeProcessingInitializeOnLoad (24ms)
				ProcessInitializeOnLoadAttributes (195ms)
				ProcessInitializeOnLoadMethodAttributes (44ms)
				AfterProcessingInitializeOnLoad (0ms)
				EditorAssembliesLoaded (0ms)
			ExecutionOrderSort2 (0ms)
			AwakeInstancesAfterBackupRestoration (0ms)
Platform modules already initialized, skipping
Registering precompiled user dll's ...
Registered in 0.015437 seconds.
Begin MonoManager ReloadAssembly
Native extension for WindowsStandalone target not found
Refreshing native plugins compatible for Editor in 70.05 ms, found 3 plugins.
Preloading 0 native plugins for Editor in 0.00 ms.
Mono: successfully reloaded assembly
- Completed reload, in  2.065 seconds
Domain Reload Profiling:
	ReloadAssembly (2067ms)
		BeginReloadAssembly (244ms)
			ExecutionOrderSort (0ms)
			DisableScriptedObjects (7ms)
			BackupInstance (0ms)
			ReleaseScriptingObjects (0ms)
			CreateAndSetChildDomain (27ms)
		EndReloadAssembly (1718ms)
			LoadAssemblies (218ms)
			RebuildTransferFunctionScriptingTraits (0ms)
			SetupTypeCache (506ms)
			ReleaseScriptCaches (1ms)
			RebuildScriptCaches (99ms)
			SetupLoadedEditorAssemblies (666ms)
				LogAssemblyErrors (0ms)
				InitializePlatformSupportModulesInManaged (5ms)
				SetLoadedEditorAssemblies (0ms)
				RefreshPlugins (70ms)
				BeforeProcessingInitializeOnLoad (138ms)
				ProcessInitializeOnLoadAttributes (403ms)
				ProcessInitializeOnLoadMethodAttributes (33ms)
				AfterProcessingInitializeOnLoad (16ms)
				EditorAssembliesLoaded (0ms)
			ExecutionOrderSort2 (0ms)
			AwakeInstancesAfterBackupRestoration (12ms)
Platform modules already initialized, skipping
========================================================================
Worker process is ready to serve import requests
Launched and connected shader compiler UnityShaderCompiler.exe after 0.09 seconds
Refreshing native plugins compatible for Editor in 0.88 ms, found 3 plugins.
Preloading 0 native plugins for Editor in 0.00 ms.
Unloading 2091 Unused Serialized files (Serialized files now loaded: 0)
System memory in use before: 93.1 MB.
System memory in use after: 93.2 MB.

Unloading 26 unused Assets to reduce memory usage. Loaded Objects now: 2531.
Total: 4.225500 ms (FindLiveObjects: 0.238000 ms CreateObjectMapping: 0.104700 ms MarkObjects: 3.767400 ms  DeleteObjects: 0.113400 ms)

AssetImportParameters requested are different than current active one (requested -> active):
  custom:framework-win-MediaFoundation: 216162199b28c13a410421893ffa2e32 -> 
  custom:video-decoder-ogg-theora: a1e56fd34408186e4bbccfd4996cb3dc -> 
  custom:container-muxer-webm: aa71ff27fc2769a1b78a27578f13a17b -> 
  custom:container-demuxer-webm: 4f35f7cbe854078d1ac9338744f61a02 -> 
  custom:container-demuxer-ogg: 62fdf1f143b41e24485cea50d1cbac27 -> 
  custom:video-encoder-webm-vp8: eb34c28f22e8b96e1ab97ce403110664 -> 
  custom:video-decoder-webm-vp8: 9c59270c3fd7afecdb556c50c9e8de78 -> 
  custom:audio-decoder-ogg-vorbis: bf7c407c2cedff20999df2af8eb42d56 -> 
  custom:audio-encoder-webm-vorbis: bf7c407c2cedff20999df2af8eb42d56 -> 
========================================================================
Received Import Request.
  path: Assets
  artifactKey: Guid(00000000000000001000000000000000) Importer(815301076,1909f56bfc062723c751e8b465ee728b)
Start importing Assets using Guid(00000000000000001000000000000000) Importer(815301076,1909f56bfc062723c751e8b465ee728b)  -> (artifact id: '42d402b061de3733987d63b9cc3b64de') in 0.009304 seconds 
  Import took 0.015175 seconds .

========================================================================
Received Import Request.
  Time since last request: 2.137171 seconds.
  path: Assets/Scripts
  artifactKey: Guid(710f78b3b5880c94abd1295a0f639514) Importer(815301076,1909f56bfc062723c751e8b465ee728b)
Start importing Assets/Scripts using Guid(710f78b3b5880c94abd1295a0f639514) Importer(815301076,1909f56bfc062723c751e8b465ee728b)  -> (artifact id: '5eb7d9bb2d8578b6ff585a66dfa68c1b') in 0.005511 seconds 
  Import took 0.012228 seconds .

========================================================================
Received Import Request.
  Time since last request: 27.022056 seconds.
  path: Assets/Scripts/BoardGenerator.cs
  artifactKey: Guid(db7dd180bcd64be4384886331178ba07) Importer(815301076,1909f56bfc062723c751e8b465ee728b)
Start importing Assets/Scripts/BoardGenerator.cs using Guid(db7dd180bcd64be4384886331178ba07) Importer(815301076,1909f56bfc062723c751e8b465ee728b)  -> (artifact id: 'c9596ccb55b8a8b9a7f281f8e6dd4b9d') in 0.096665 seconds 
  Import took 0.103012 seconds .

========================================================================
Received Prepare
Registering precompiled user dll's ...
Registered in 0.007467 seconds.
Begin MonoManager ReloadAssembly
Native extension for WindowsStandalone target not found
Refreshing native plugins compatible for Editor in 0.79 ms, found 3 plugins.
Preloading 0 native plugins for Editor in 0.00 ms.
Mono: successfully reloaded assembly
- Completed reload, in  1.741 seconds
Domain Reload Profiling:
	ReloadAssembly (1741ms)
		BeginReloadAssembly (199ms)
			ExecutionOrderSort (0ms)
			DisableScriptedObjects (12ms)
			BackupInstance (0ms)
			ReleaseScriptingObjects (0ms)
			CreateAndSetChildDomain (55ms)
		EndReloadAssembly (1427ms)
			LoadAssemblies (173ms)
			RebuildTransferFunctionScriptingTraits (0ms)
			SetupTypeCache (484ms)
			ReleaseScriptCaches (2ms)
			RebuildScriptCaches (74ms)
			SetupLoadedEditorAssemblies (520ms)
				LogAssemblyErrors (0ms)
				InitializePlatformSupportModulesInManaged (10ms)
				SetLoadedEditorAssemblies (2ms)
				RefreshPlugins (1ms)
				BeforeProcessingInitializeOnLoad (173ms)
				ProcessInitializeOnLoadAttributes (310ms)
				ProcessInitializeOnLoadMethodAttributes (9ms)
				AfterProcessingInitializeOnLoad (15ms)
				EditorAssembliesLoaded (0ms)
			ExecutionOrderSort2 (0ms)
			AwakeInstancesAfterBackupRestoration (16ms)
Platform modules already initialized, skipping
Refreshing native plugins compatible for Editor in 1.00 ms, found 3 plugins.
Preloading 0 native plugins for Editor in 0.00 ms.
Unloading 2082 Unused Serialized files (Serialized files now loaded: 0)
System memory in use before: 92.6 MB.
System memory in use after: 92.7 MB.

Unloading 14 unused Assets to reduce memory usage. Loaded Objects now: 2535.
Total: 4.933900 ms (FindLiveObjects: 0.314900 ms CreateObjectMapping: 0.215300 ms MarkObjects: 4.365900 ms  DeleteObjects: 0.035200 ms)

AssetImportParameters requested are different than current active one (requested -> active):
  custom:framework-win-MediaFoundation: 216162199b28c13a410421893ffa2e32 -> 
  custom:video-decoder-ogg-theora: a1e56fd34408186e4bbccfd4996cb3dc -> 
  custom:container-muxer-webm: aa71ff27fc2769a1b78a27578f13a17b -> 
  custom:container-demuxer-webm: 4f35f7cbe854078d1ac9338744f61a02 -> 
  custom:container-demuxer-ogg: 62fdf1f143b41e24485cea50d1cbac27 -> 
  custom:video-encoder-webm-vp8: eb34c28f22e8b96e1ab97ce403110664 -> 
  custom:video-decoder-webm-vp8: 9c59270c3fd7afecdb556c50c9e8de78 -> 
  custom:audio-decoder-ogg-vorbis: bf7c407c2cedff20999df2af8eb42d56 -> 
  custom:audio-encoder-webm-vorbis: bf7c407c2cedff20999df2af8eb42d56 -> 
========================================================================
Received Prepare
Registering precompiled user dll's ...
Registered in 0.131198 seconds.
Begin MonoManager ReloadAssembly
Native extension for WindowsStandalone target not found
Refreshing native plugins compatible for Editor in 1.23 ms, found 3 plugins.
Preloading 0 native plugins for Editor in 0.00 ms.
Mono: successfully reloaded assembly
- Completed reload, in  2.792 seconds
Domain Reload Profiling:
	ReloadAssembly (2803ms)
		BeginReloadAssembly (1008ms)
			ExecutionOrderSort (0ms)
			DisableScriptedObjects (116ms)
			BackupInstance (0ms)
			ReleaseScriptingObjects (3ms)
			CreateAndSetChildDomain (587ms)
		EndReloadAssembly (1658ms)
			LoadAssemblies (323ms)
			RebuildTransferFunctionScriptingTraits (2ms)
			SetupTypeCache (485ms)
			ReleaseScriptCaches (2ms)
			RebuildScriptCaches (89ms)
			SetupLoadedEditorAssemblies (557ms)
				LogAssemblyErrors (0ms)
				InitializePlatformSupportModulesInManaged (12ms)
				SetLoadedEditorAssemblies (3ms)
				RefreshPlugins (1ms)
				BeforeProcessingInitializeOnLoad (188ms)
				ProcessInitializeOnLoadAttributes (328ms)
				ProcessInitializeOnLoadMethodAttributes (9ms)
				AfterProcessingInitializeOnLoad (14ms)
				EditorAssembliesLoaded (1ms)
			ExecutionOrderSort2 (0ms)
			AwakeInstancesAfterBackupRestoration (21ms)
Platform modules already initialized, skipping
Refreshing native plugins compatible for Editor in 0.62 ms, found 3 plugins.
Preloading 0 native plugins for Editor in 0.00 ms.
Unloading 2082 Unused Serialized files (Serialized files now loaded: 0)
System memory in use before: 92.6 MB.
System memory in use after: 92.8 MB.

Unloading 14 unused Assets to reduce memory usage. Loaded Objects now: 2538.
Total: 15.020800 ms (FindLiveObjects: 1.592800 ms CreateObjectMapping: 0.133200 ms MarkObjects: 13.252800 ms  DeleteObjects: 0.038500 ms)

AssetImportParameters requested are different than current active one (requested -> active):
  custom:framework-win-MediaFoundation: 216162199b28c13a410421893ffa2e32 -> 
  custom:video-decoder-ogg-theora: a1e56fd34408186e4bbccfd4996cb3dc -> 
  custom:container-muxer-webm: aa71ff27fc2769a1b78a27578f13a17b -> 
  custom:container-demuxer-webm: 4f35f7cbe854078d1ac9338744f61a02 -> 
  custom:container-demuxer-ogg: 62fdf1f143b41e24485cea50d1cbac27 -> 
  custom:video-encoder-webm-vp8: eb34c28f22e8b96e1ab97ce403110664 -> 
  custom:video-decoder-webm-vp8: 9c59270c3fd7afecdb556c50c9e8de78 -> 
  custom:audio-decoder-ogg-vorbis: bf7c407c2cedff20999df2af8eb42d56 -> 
  custom:audio-encoder-webm-vorbis: bf7c407c2cedff20999df2af8eb42d56 -> 
========================================================================
Received Import Request.
  Time since last request: 1223.218678 seconds.
  path: Assets/Scripts/BoardGenerator.cs
  artifactKey: Guid(db7dd180bcd64be4384886331178ba07) Importer(815301076,1909f56bfc062723c751e8b465ee728b)
Start importing Assets/Scripts/BoardGenerator.cs using Guid(db7dd180bcd64be4384886331178ba07) Importer(815301076,1909f56bfc062723c751e8b465ee728b)  -> (artifact id: 'ac7b015d92cb6ccae47c9c926ad30d5f') in 0.027227 seconds 
  Import took 0.037382 seconds .

========================================================================
Received Prepare
Registering precompiled user dll's ...
Registered in 0.010349 seconds.
Begin MonoManager ReloadAssembly
Native extension for WindowsStandalone target not found
Refreshing native plugins compatible for Editor in 0.58 ms, found 3 plugins.
Preloading 0 native plugins for Editor in 0.00 ms.
Mono: successfully reloaded assembly
- Completed reload, in  2.348 seconds
Domain Reload Profiling:
	ReloadAssembly (2348ms)
		BeginReloadAssembly (216ms)
			ExecutionOrderSort (0ms)
			DisableScriptedObjects (10ms)
			BackupInstance (0ms)
			ReleaseScriptingObjects (0ms)
			CreateAndSetChildDomain (58ms)
		EndReloadAssembly (2030ms)
			LoadAssemblies (215ms)
			RebuildTransferFunctionScriptingTraits (0ms)
			SetupTypeCache (476ms)
			ReleaseScriptCaches (1ms)
			RebuildScriptCaches (79ms)
			SetupLoadedEditorAssemblies (1096ms)
				LogAssemblyErrors (0ms)
				InitializePlatformSupportModulesInManaged (9ms)
				SetLoadedEditorAssemblies (1ms)
				RefreshPlugins (1ms)
				BeforeProcessingInitializeOnLoad (154ms)
				ProcessInitializeOnLoadAttributes (869ms)
				ProcessInitializeOnLoadMethodAttributes (22ms)
				AfterProcessingInitializeOnLoad (40ms)
				EditorAssembliesLoaded (0ms)
			ExecutionOrderSort2 (0ms)
			AwakeInstancesAfterBackupRestoration (25ms)
Platform modules already initialized, skipping
Refreshing native plugins compatible for Editor in 1.04 ms, found 3 plugins.
Preloading 0 native plugins for Editor in 0.00 ms.
Unloading 2082 Unused Serialized files (Serialized files now loaded: 0)
System memory in use before: 92.7 MB.
System memory in use after: 92.8 MB.

Unloading 14 unused Assets to reduce memory usage. Loaded Objects now: 2541.
Total: 4.818800 ms (FindLiveObjects: 0.337200 ms CreateObjectMapping: 0.254200 ms MarkObjects: 4.193300 ms  DeleteObjects: 0.032100 ms)

AssetImportParameters requested are different than current active one (requested -> active):
  custom:framework-win-MediaFoundation: 216162199b28c13a410421893ffa2e32 -> 
  custom:video-decoder-ogg-theora: a1e56fd34408186e4bbccfd4996cb3dc -> 
  custom:container-muxer-webm: aa71ff27fc2769a1b78a27578f13a17b -> 
  custom:container-demuxer-webm: 4f35f7cbe854078d1ac9338744f61a02 -> 
  custom:container-demuxer-ogg: 62fdf1f143b41e24485cea50d1cbac27 -> 
  custom:video-encoder-webm-vp8: eb34c28f22e8b96e1ab97ce403110664 -> 
  custom:video-decoder-webm-vp8: 9c59270c3fd7afecdb556c50c9e8de78 -> 
  custom:audio-decoder-ogg-vorbis: bf7c407c2cedff20999df2af8eb42d56 -> 
  custom:audio-encoder-webm-vorbis: bf7c407c2cedff20999df2af8eb42d56 -> 
========================================================================
Received Import Request.
  Time since last request: 81.045358 seconds.
  path: Assets/Scripts/BoardGenerator.cs
  artifactKey: Guid(db7dd180bcd64be4384886331178ba07) Importer(815301076,1909f56bfc062723c751e8b465ee728b)
Start importing Assets/Scripts/BoardGenerator.cs using Guid(db7dd180bcd64be4384886331178ba07) Importer(815301076,1909f56bfc062723c751e8b465ee728b)  -> (artifact id: 'b02b86c5802fc9059256d6a957498fdf') in 0.009734 seconds 
  Import took 0.016055 seconds .

========================================================================
Received Import Request.
  Time since last request: 162.767672 seconds.
  path: Assets/Scripts/BoardGenerator.cs
  artifactKey: Guid(db7dd180bcd64be4384886331178ba07) Importer(815301076,1909f56bfc062723c751e8b465ee728b)
Start importing Assets/Scripts/BoardGenerator.cs using Guid(db7dd180bcd64be4384886331178ba07) Importer(815301076,1909f56bfc062723c751e8b465ee728b)  -> (artifact id: 'c2d14195d9ddb2b9b538f39fbb587d8e') in 0.035679 seconds 
  Import took 0.081433 seconds .

========================================================================
Received Import Request.
  Time since last request: 42.658541 seconds.
  path: Assets/Scripts/BoardGenerator.cs
  artifactKey: Guid(db7dd180bcd64be4384886331178ba07) Importer(815301076,1909f56bfc062723c751e8b465ee728b)
Start importing Assets/Scripts/BoardGenerator.cs using Guid(db7dd180bcd64be4384886331178ba07) Importer(815301076,1909f56bfc062723c751e8b465ee728b)  -> (artifact id: '30fd3c254320ed5d6e312fd2c6e1da5d') in 0.010139 seconds 
  Import took 0.017106 seconds .

========================================================================
Received Import Request.
  Time since last request: 76.456958 seconds.
  path: Assets/Sprites/Red Tile.png
  artifactKey: Guid(7e04c445f12dfd641849b9659def9f81) Importer(815301076,1909f56bfc062723c751e8b465ee728b)
Start importing Assets/Sprites/Red Tile.png using Guid(7e04c445f12dfd641849b9659def9f81) Importer(815301076,1909f56bfc062723c751e8b465ee728b)  -> (artifact id: 'a7dad97f8b56877a7f53e85bee03588f') in 0.907830 seconds 
  Import took 0.915176 seconds .

========================================================================
Received Import Request.
  Time since last request: 46.806650 seconds.
  path: Assets/Sprites/Red Tile.png
  artifactKey: Guid(7e04c445f12dfd641849b9659def9f81) Importer(815301076,1909f56bfc062723c751e8b465ee728b)
Start importing Assets/Sprites/Red Tile.png using Guid(7e04c445f12dfd641849b9659def9f81) Importer(815301076,1909f56bfc062723c751e8b465ee728b)  -> (artifact id: '47c97487624d3d2ce01638b3f2018017') in 0.030230 seconds 
  Import took 0.039490 seconds .

========================================================================
Received Import Request.
  Time since last request: 265.496035 seconds.
  path: Assets/Scripts/BoardGenerator.cs
  artifactKey: Guid(db7dd180bcd64be4384886331178ba07) Importer(815301076,1909f56bfc062723c751e8b465ee728b)
Start importing Assets/Scripts/BoardGenerator.cs using Guid(db7dd180bcd64be4384886331178ba07) Importer(815301076,1909f56bfc062723c751e8b465ee728b)  -> (artifact id: '1236aef85205a9aed29243a408f704c1') in 0.009265 seconds 
  Import took 0.020873 seconds .

========================================================================
Received Import Request.
  Time since last request: 225.922210 seconds.
  path: Assets/Sprites/Black Tile.prefab
  artifactKey: Guid(1a262325c22cdd64c948e023d74cf57c) Importer(815301076,1909f56bfc062723c751e8b465ee728b)
Start importing Assets/Sprites/Black Tile.prefab using Guid(1a262325c22cdd64c948e023d74cf57c) Importer(815301076,1909f56bfc062723c751e8b465ee728b)  -> (artifact id: 'c4122baaa1a682a40c509c02bfc06319') in 0.464126 seconds 
  Import took 0.474100 seconds .

========================================================================
Received Import Request.
  Time since last request: 51.230291 seconds.
  path: Assets/Sprites/Black Tile.prefab
  artifactKey: Guid(1a262325c22cdd64c948e023d74cf57c) Importer(815301076,1909f56bfc062723c751e8b465ee728b)
Start importing Assets/Sprites/Black Tile.prefab using Guid(1a262325c22cdd64c948e023d74cf57c) Importer(815301076,1909f56bfc062723c751e8b465ee728b)  -> (artifact id: 'd14eb15a21eab6c0b2cdec71dc373403') in 0.042987 seconds 
  Import took 0.050018 seconds .

========================================================================
Received Import Request.
  Time since last request: 0.000307 seconds.
  path: Assets/Sprites/tile sprite.asset
  artifactKey: Guid(67614b463c9d69741af547f91a2bb01d) Importer(815301076,1909f56bfc062723c751e8b465ee728b)
Start importing Assets/Sprites/tile sprite.asset using Guid(67614b463c9d69741af547f91a2bb01d) Importer(815301076,1909f56bfc062723c751e8b465ee728b)  -> (artifact id: 'a78a6880cb3ba56b1d7135d3db7c40ba') in 0.610649 seconds 
  Import took 0.621122 seconds .

========================================================================
Received Import Request.
  Time since last request: 36.885293 seconds.
  path: Assets/Sprites/Black Tile.prefab
  artifactKey: Guid(1a262325c22cdd64c948e023d74cf57c) Importer(815301076,1909f56bfc062723c751e8b465ee728b)
Start importing Assets/Sprites/Black Tile.prefab using Guid(1a262325c22cdd64c948e023d74cf57c) Importer(815301076,1909f56bfc062723c751e8b465ee728b)  -> (artifact id: '67bfa8c09a2fde8d85cbfd6ffd408f49') in 0.029117 seconds 
  Import took 0.037840 seconds .

========================================================================
Received Prepare
Registering precompiled user dll's ...
Registered in 0.012170 seconds.
Begin MonoManager ReloadAssembly
Native extension for WindowsStandalone target not found
Refreshing native plugins compatible for Editor in 1.60 ms, found 3 plugins.
Preloading 0 native plugins for Editor in 0.00 ms.
Mono: successfully reloaded assembly
- Completed reload, in  2.780 seconds
Domain Reload Profiling:
	ReloadAssembly (2783ms)
		BeginReloadAssembly (908ms)
			ExecutionOrderSort (0ms)
			DisableScriptedObjects (75ms)
			BackupInstance (0ms)
			ReleaseScriptingObjects (0ms)
			CreateAndSetChildDomain (607ms)
		EndReloadAssembly (1736ms)
			LoadAssemblies (283ms)
			RebuildTransferFunctionScriptingTraits (0ms)
			SetupTypeCache (526ms)
			ReleaseScriptCaches (2ms)
			RebuildScriptCaches (74ms)
			SetupLoadedEditorAssemblies (672ms)
				LogAssemblyErrors (0ms)
				InitializePlatformSupportModulesInManaged (22ms)
				SetLoadedEditorAssemblies (3ms)
				RefreshPlugins (2ms)
				BeforeProcessingInitializeOnLoad (254ms)
				ProcessInitializeOnLoadAttributes (340ms)
				ProcessInitializeOnLoadMethodAttributes (30ms)
				AfterProcessingInitializeOnLoad (20ms)
				EditorAssembliesLoaded (0ms)
			ExecutionOrderSort2 (0ms)
			AwakeInstancesAfterBackupRestoration (21ms)
Platform modules already initialized, skipping
Refreshing native plugins compatible for Editor in 0.63 ms, found 3 plugins.
Preloading 0 native plugins for Editor in 0.00 ms.
Unloading 2082 Unused Serialized files (Serialized files now loaded: 0)
System memory in use before: 95.7 MB.
System memory in use after: 95.8 MB.

Unloading 14 unused Assets to reduce memory usage. Loaded Objects now: 2555.
Total: 13.367400 ms (FindLiveObjects: 1.040600 ms CreateObjectMapping: 0.239600 ms MarkObjects: 12.048600 ms  DeleteObjects: 0.035500 ms)

AssetImportParameters requested are different than current active one (requested -> active):
  custom:framework-win-MediaFoundation: 216162199b28c13a410421893ffa2e32 -> 
  custom:video-decoder-ogg-theora: a1e56fd34408186e4bbccfd4996cb3dc -> 
  custom:container-muxer-webm: aa71ff27fc2769a1b78a27578f13a17b -> 
  custom:container-demuxer-webm: 4f35f7cbe854078d1ac9338744f61a02 -> 
  custom:container-demuxer-ogg: 62fdf1f143b41e24485cea50d1cbac27 -> 
  custom:video-encoder-webm-vp8: eb34c28f22e8b96e1ab97ce403110664 -> 
  custom:video-decoder-webm-vp8: 9c59270c3fd7afecdb556c50c9e8de78 -> 
  custom:audio-decoder-ogg-vorbis: bf7c407c2cedff20999df2af8eb42d56 -> 
  custom:audio-encoder-webm-vorbis: bf7c407c2cedff20999df2af8eb42d56 -> 
========================================================================
Received Import Request.
  Time since last request: 194.974532 seconds.
  path: Assets/Sprites/Rectangular Palette.prefab
  artifactKey: Guid(c0bcfc74ab0eb7a45ad41e47f3f946ff) Importer(815301076,1909f56bfc062723c751e8b465ee728b)
Start importing Assets/Sprites/Rectangular Palette.prefab using Guid(c0bcfc74ab0eb7a45ad41e47f3f946ff) Importer(815301076,1909f56bfc062723c751e8b465ee728b)  -> (artifact id: 'f1c9cb5056295b9e7923e4c634bd3b92') in 0.112271 seconds 
  Import took 0.120103 seconds .

========================================================================
Received Import Request.
  Time since last request: 14.161204 seconds.
  path: Assets/Sprites/Board Tiles.prefab
  artifactKey: Guid(c0bcfc74ab0eb7a45ad41e47f3f946ff) Importer(815301076,1909f56bfc062723c751e8b465ee728b)
Start importing Assets/Sprites/Board Tiles.prefab using Guid(c0bcfc74ab0eb7a45ad41e47f3f946ff) Importer(815301076,1909f56bfc062723c751e8b465ee728b)  -> (artifact id: '4a133ee7ff89fda0a23fe0a3aef025e2') in 0.022785 seconds 
  Import took 0.029631 seconds .

========================================================================
Received Import Request.
  Time since last request: 28.389639 seconds.
  path: Assets/Sprites/Board Tiles.prefab
  artifactKey: Guid(c0bcfc74ab0eb7a45ad41e47f3f946ff) Importer(815301076,1909f56bfc062723c751e8b465ee728b)
Start importing Assets/Sprites/Board Tiles.prefab using Guid(c0bcfc74ab0eb7a45ad41e47f3f946ff) Importer(815301076,1909f56bfc062723c751e8b465ee728b)  -> (artifact id: 'f268fa40bac0fac5e23cc929e7ec0ec4') in 0.034647 seconds 
  Import took 0.041289 seconds .

========================================================================
Received Import Request.
  Time since last request: 23.802973 seconds.
  path: Assets/Sprites/Board Tiles.prefab
  artifactKey: Guid(c0bcfc74ab0eb7a45ad41e47f3f946ff) Importer(815301076,1909f56bfc062723c751e8b465ee728b)
Start importing Assets/Sprites/Board Tiles.prefab using Guid(c0bcfc74ab0eb7a45ad41e47f3f946ff) Importer(815301076,1909f56bfc062723c751e8b465ee728b)  -> (artifact id: '8b84afc3f367d3eefd8459fc6e224633') in 0.027311 seconds 
  Import took 0.035088 seconds .

========================================================================
Received Import Request.
  Time since last request: 131.677576 seconds.
  path: Assets/Sprites/tile sprite black.png
  artifactKey: Guid(01fea582b74f50548bb02fc2dd25169f) Importer(815301076,1909f56bfc062723c751e8b465ee728b)
Start importing Assets/Sprites/tile sprite black.png using Guid(01fea582b74f50548bb02fc2dd25169f) Importer(815301076,1909f56bfc062723c751e8b465ee728b)  -> (artifact id: '2bed327120ef7892e787f6e74fd3518d') in 0.084521 seconds 
  Import took 0.092152 seconds .

========================================================================
Received Import Request.
  Time since last request: 0.000347 seconds.
  path: Assets/Sprites/tile sprite red.png
  artifactKey: Guid(37ce3b506479a924b978c61fc77415ed) Importer(815301076,1909f56bfc062723c751e8b465ee728b)
Start importing Assets/Sprites/tile sprite red.png using Guid(37ce3b506479a924b978c61fc77415ed) Importer(815301076,1909f56bfc062723c751e8b465ee728b)  -> (artifact id: '42dcfd914ef635df591d5b83cc07e80a') in 0.052864 seconds 
  Import took 0.065439 seconds .

========================================================================
Received Import Request.
  Time since last request: 14.016091 seconds.
  path: Assets/Sprites/Board Tiles.prefab
  artifactKey: Guid(c0bcfc74ab0eb7a45ad41e47f3f946ff) Importer(815301076,1909f56bfc062723c751e8b465ee728b)
Start importing Assets/Sprites/Board Tiles.prefab using Guid(c0bcfc74ab0eb7a45ad41e47f3f946ff) Importer(815301076,1909f56bfc062723c751e8b465ee728b)  -> (artifact id: '2271087b087035951af139e9243f24aa') in 0.024156 seconds 
  Import took 0.031490 seconds .

========================================================================
Received Import Request.
  Time since last request: 0.000367 seconds.
  path: Assets/Sprites/tile sprite black.asset
  artifactKey: Guid(0f24383be4e724041a54a49b45f59b7a) Importer(815301076,1909f56bfc062723c751e8b465ee728b)
Start importing Assets/Sprites/tile sprite black.asset using Guid(0f24383be4e724041a54a49b45f59b7a) Importer(815301076,1909f56bfc062723c751e8b465ee728b)  -> (artifact id: 'e4894a3c3d71676c92d1ddb4a51bccbc') in 0.074848 seconds 
  Import took 0.082448 seconds .

========================================================================
Received Import Request.
  Time since last request: 5.943082 seconds.
  path: Assets/Sprites/Board Tiles.prefab
  artifactKey: Guid(c0bcfc74ab0eb7a45ad41e47f3f946ff) Importer(815301076,1909f56bfc062723c751e8b465ee728b)
Start importing Assets/Sprites/Board Tiles.prefab using Guid(c0bcfc74ab0eb7a45ad41e47f3f946ff) Importer(815301076,1909f56bfc062723c751e8b465ee728b)  -> (artifact id: 'e8bab0587092b9013c0fbfbdd012a782') in 0.024602 seconds 
  Import took 0.033669 seconds .

========================================================================
Received Import Request.
  Time since last request: 0.000318 seconds.
  path: Assets/Sprites/tile sprite red.asset
  artifactKey: Guid(b777ee2fd67d2ac49aa12a98728dc395) Importer(815301076,1909f56bfc062723c751e8b465ee728b)
Start importing Assets/Sprites/tile sprite red.asset using Guid(b777ee2fd67d2ac49aa12a98728dc395) Importer(815301076,1909f56bfc062723c751e8b465ee728b)  -> (artifact id: '5be933d749382e38ae5a13b78560f355') in 0.019609 seconds 
  Import took 0.026521 seconds .

========================================================================
Received Prepare
Registering precompiled user dll's ...
Registered in 0.021111 seconds.
Begin MonoManager ReloadAssembly
Native extension for WindowsStandalone target not found
Refreshing native plugins compatible for Editor in 0.72 ms, found 3 plugins.
Preloading 0 native plugins for Editor in 0.00 ms.
Mono: successfully reloaded assembly
- Completed reload, in  2.737 seconds
Domain Reload Profiling:
	ReloadAssembly (2742ms)
		BeginReloadAssembly (971ms)
			ExecutionOrderSort (0ms)
			DisableScriptedObjects (67ms)
			BackupInstance (0ms)
			ReleaseScriptingObjects (0ms)
			CreateAndSetChildDomain (623ms)
		EndReloadAssembly (1628ms)
			LoadAssemblies (317ms)
			RebuildTransferFunctionScriptingTraits (0ms)
			SetupTypeCache (521ms)
			ReleaseScriptCaches (2ms)
			RebuildScriptCaches (124ms)
			SetupLoadedEditorAssemblies (527ms)
				LogAssemblyErrors (0ms)
				InitializePlatformSupportModulesInManaged (10ms)
				SetLoadedEditorAssemblies (1ms)
				RefreshPlugins (1ms)
				BeforeProcessingInitializeOnLoad (160ms)
				ProcessInitializeOnLoadAttributes (331ms)
				ProcessInitializeOnLoadMethodAttributes (10ms)
				AfterProcessingInitializeOnLoad (15ms)
				EditorAssembliesLoaded (0ms)
			ExecutionOrderSort2 (0ms)
			AwakeInstancesAfterBackupRestoration (22ms)
Platform modules already initialized, skipping
Refreshing native plugins compatible for Editor in 1.23 ms, found 3 plugins.
Preloading 0 native plugins for Editor in 0.00 ms.
Unloading 2082 Unused Serialized files (Serialized files now loaded: 0)
System memory in use before: 95.7 MB.
System memory in use after: 95.8 MB.

Unloading 14 unused Assets to reduce memory usage. Loaded Objects now: 2560.
Total: 10.972600 ms (FindLiveObjects: 0.821400 ms CreateObjectMapping: 0.146200 ms MarkObjects: 9.959700 ms  DeleteObjects: 0.042700 ms)

AssetImportParameters requested are different than current active one (requested -> active):
  custom:framework-win-MediaFoundation: 216162199b28c13a410421893ffa2e32 -> 
  custom:video-decoder-ogg-theora: a1e56fd34408186e4bbccfd4996cb3dc -> 
  custom:container-muxer-webm: aa71ff27fc2769a1b78a27578f13a17b -> 
  custom:container-demuxer-webm: 4f35f7cbe854078d1ac9338744f61a02 -> 
  custom:container-demuxer-ogg: 62fdf1f143b41e24485cea50d1cbac27 -> 
  custom:video-encoder-webm-vp8: eb34c28f22e8b96e1ab97ce403110664 -> 
  custom:video-decoder-webm-vp8: 9c59270c3fd7afecdb556c50c9e8de78 -> 
  custom:audio-decoder-ogg-vorbis: bf7c407c2cedff20999df2af8eb42d56 -> 
  custom:audio-encoder-webm-vorbis: bf7c407c2cedff20999df2af8eb42d56 -> 
AssetImportWorkerClient::OnTransportError - code=2 error=End of file
